<?xml version="1.0" encoding="UTF-8"?>
<!-- Generated by org.testng.reporters.JUnitXMLReporter -->
<testsuite ignored="0" hostname="LAPTOP-R0SMGEJT" failures="0" tests="3" name="Test" time="19.797" errors="0" timestamp="2023-06-28T17:21:40 IST">
  <testcase classname="com.testscripts.Guru99_Test_Homepage" name="text_of_google_search" time="0.41"/>
  <testcase classname="com.testscripts.Guru99_Test_Homepage" name="displaying_courcesName_under_TESTING" time="0.326"/>
  <testcase classname="com.testscripts.Guru99_Test_Homepage" name="verify_click_on_cucumbertesting_link" time="2.137"/>
</testsuite> <!-- Test -->
