<?xml version="1.0" encoding="UTF-8"?>
<testng-results ignored="0" total="3" passed="3" failed="0" skipped="0">
  <reporter-output>
  </reporter-output>
  <suite started-at="2023-06-28T17:21:20 IST" name="Suite" finished-at="2023-06-28T17:21:40 IST" duration-ms="19797">
    <groups>
    </groups>
    <test started-at="2023-06-28T17:21:20 IST" name="Test" finished-at="2023-06-28T17:21:40 IST" duration-ms="19797">
      <class name="com.testscripts.Guru99_Test_Homepage">
        <test-method is-config="true" signature="tearup()[pri:0, instance:com.testscripts.Guru99_Test_Homepage@71b3bc45]" started-at="2023-06-28T17:21:20 IST" name="tearup" finished-at="2023-06-28T17:21:26 IST" duration-ms="5842" status="PASS">
          <reporter-output>
          </reporter-output>
        </test-method> <!-- tearup -->
        <test-method signature="text_of_google_search()[pri:0, instance:com.testscripts.Guru99_Test_Homepage@71b3bc45]" started-at="2023-06-28T17:21:26 IST" name="text_of_google_search" finished-at="2023-06-28T17:21:27 IST" duration-ms="410" status="PASS">
          <reporter-output>
          </reporter-output>
        </test-method> <!-- text_of_google_search -->
        <test-method is-config="true" signature="teardown()[pri:0, instance:com.testscripts.Guru99_Test_Homepage@71b3bc45]" started-at="2023-06-28T17:21:27 IST" name="teardown" finished-at="2023-06-28T17:21:27 IST" duration-ms="341" status="PASS">
          <reporter-output>
          </reporter-output>
        </test-method> <!-- teardown -->
        <test-method is-config="true" signature="tearup()[pri:0, instance:com.testscripts.Guru99_Test_Homepage@71b3bc45]" started-at="2023-06-28T17:21:27 IST" name="tearup" finished-at="2023-06-28T17:21:32 IST" duration-ms="5351" status="PASS">
          <reporter-output>
          </reporter-output>
        </test-method> <!-- tearup -->
        <test-method signature="displaying_courcesName_under_TESTING()[pri:1, instance:com.testscripts.Guru99_Test_Homepage@71b3bc45]" started-at="2023-06-28T17:21:32 IST" name="displaying_courcesName_under_TESTING" finished-at="2023-06-28T17:21:33 IST" duration-ms="326" status="PASS">
          <reporter-output>
          </reporter-output>
        </test-method> <!-- displaying_courcesName_under_TESTING -->
        <test-method is-config="true" signature="teardown()[pri:0, instance:com.testscripts.Guru99_Test_Homepage@71b3bc45]" started-at="2023-06-28T17:21:33 IST" name="teardown" finished-at="2023-06-28T17:21:33 IST" duration-ms="201" status="PASS">
          <reporter-output>
          </reporter-output>
        </test-method> <!-- teardown -->
        <test-method is-config="true" signature="tearup()[pri:0, instance:com.testscripts.Guru99_Test_Homepage@71b3bc45]" started-at="2023-06-28T17:21:33 IST" name="tearup" finished-at="2023-06-28T17:21:38 IST" duration-ms="4813" status="PASS">
          <reporter-output>
          </reporter-output>
        </test-method> <!-- tearup -->
        <test-method signature="verify_click_on_cucumbertesting_link()[pri:2, instance:com.testscripts.Guru99_Test_Homepage@71b3bc45]" started-at="2023-06-28T17:21:38 IST" name="verify_click_on_cucumbertesting_link" finished-at="2023-06-28T17:21:40 IST" duration-ms="2137" status="PASS">
          <reporter-output>
          </reporter-output>
        </test-method> <!-- verify_click_on_cucumbertesting_link -->
        <test-method is-config="true" signature="teardown()[pri:0, instance:com.testscripts.Guru99_Test_Homepage@71b3bc45]" started-at="2023-06-28T17:21:40 IST" name="teardown" finished-at="2023-06-28T17:21:40 IST" duration-ms="308" status="PASS">
          <reporter-output>
          </reporter-output>
        </test-method> <!-- teardown -->
      </class> <!-- com.testscripts.Guru99_Test_Homepage -->
    </test> <!-- Test -->
  </suite> <!-- Suite -->
</testng-results>
